  main.cpp
C:\Program Files (x86)\Microsoft Visual Studio\2019\Community\VC\Tools\MSVC\14.22.27905\include\xstring(2348,23): warning C4244:  аргумент: преобразование "wchar_t" в "const _Elem", возможна потеря данных
C:\Program Files (x86)\Microsoft Visual Studio\2019\Community\VC\Tools\MSVC\14.22.27905\include\xstring(2348,23): warning C4244:         with
C:\Program Files (x86)\Microsoft Visual Studio\2019\Community\VC\Tools\MSVC\14.22.27905\include\xstring(2348,23): warning C4244:         [
C:\Program Files (x86)\Microsoft Visual Studio\2019\Community\VC\Tools\MSVC\14.22.27905\include\xstring(2348,23): warning C4244:             _Elem=char
C:\Program Files (x86)\Microsoft Visual Studio\2019\Community\VC\Tools\MSVC\14.22.27905\include\xstring(2348,23): warning C4244:         ]
C:\Program Files (x86)\Microsoft Visual Studio\2019\Community\VC\Tools\MSVC\14.22.27905\include\xstring(2359): message :  выполняется компиляция ссылки на экземпляр шаблон функции "void std::basic_string<char,std::char_traits<char>,std::allocator<char>>::_Construct<wchar_t*>(_Iter,const _Iter,std::input_iterator_tag)"
C:\Program Files (x86)\Microsoft Visual Studio\2019\Community\VC\Tools\MSVC\14.22.27905\include\xstring(2359): message :         with
C:\Program Files (x86)\Microsoft Visual Studio\2019\Community\VC\Tools\MSVC\14.22.27905\include\xstring(2359): message :         [
C:\Program Files (x86)\Microsoft Visual Studio\2019\Community\VC\Tools\MSVC\14.22.27905\include\xstring(2359): message :             _Iter=wchar_t *
C:\Program Files (x86)\Microsoft Visual Studio\2019\Community\VC\Tools\MSVC\14.22.27905\include\xstring(2359): message :         ]
C:\Program Files (x86)\Microsoft Visual Studio\2019\Community\VC\Tools\MSVC\14.22.27905\include\xstring(2359): message :  выполняется компиляция ссылки на экземпляр шаблон функции "void std::basic_string<char,std::char_traits<char>,std::allocator<char>>::_Construct<wchar_t*>(_Iter,const _Iter,std::input_iterator_tag)"
C:\Program Files (x86)\Microsoft Visual Studio\2019\Community\VC\Tools\MSVC\14.22.27905\include\xstring(2359): message :         with
C:\Program Files (x86)\Microsoft Visual Studio\2019\Community\VC\Tools\MSVC\14.22.27905\include\xstring(2359): message :         [
C:\Program Files (x86)\Microsoft Visual Studio\2019\Community\VC\Tools\MSVC\14.22.27905\include\xstring(2359): message :             _Iter=wchar_t *
C:\Program Files (x86)\Microsoft Visual Studio\2019\Community\VC\Tools\MSVC\14.22.27905\include\xstring(2359): message :         ]
C:\Program Files (x86)\Microsoft Visual Studio\2019\Community\VC\Tools\MSVC\14.22.27905\include\xstring(2339): message :  выполняется компиляция ссылки на экземпляр шаблон функции "void std::basic_string<char,std::char_traits<char>,std::allocator<char>>::_Construct<wchar_t*>(const _Iter,const _Iter,std::forward_iterator_tag)"
C:\Program Files (x86)\Microsoft Visual Studio\2019\Community\VC\Tools\MSVC\14.22.27905\include\xstring(2339): message :         with
C:\Program Files (x86)\Microsoft Visual Studio\2019\Community\VC\Tools\MSVC\14.22.27905\include\xstring(2339): message :         [
C:\Program Files (x86)\Microsoft Visual Studio\2019\Community\VC\Tools\MSVC\14.22.27905\include\xstring(2339): message :             _Iter=wchar_t *
C:\Program Files (x86)\Microsoft Visual Studio\2019\Community\VC\Tools\MSVC\14.22.27905\include\xstring(2339): message :         ]
C:\Program Files (x86)\Microsoft Visual Studio\2019\Community\VC\Tools\MSVC\14.22.27905\include\xstring(2339): message :  выполняется компиляция ссылки на экземпляр шаблон функции "void std::basic_string<char,std::char_traits<char>,std::allocator<char>>::_Construct<wchar_t*>(const _Iter,const _Iter,std::forward_iterator_tag)"
C:\Program Files (x86)\Microsoft Visual Studio\2019\Community\VC\Tools\MSVC\14.22.27905\include\xstring(2339): message :         with
C:\Program Files (x86)\Microsoft Visual Studio\2019\Community\VC\Tools\MSVC\14.22.27905\include\xstring(2339): message :         [
C:\Program Files (x86)\Microsoft Visual Studio\2019\Community\VC\Tools\MSVC\14.22.27905\include\xstring(2339): message :             _Iter=wchar_t *
C:\Program Files (x86)\Microsoft Visual Studio\2019\Community\VC\Tools\MSVC\14.22.27905\include\xstring(2339): message :         ]
D:\C++\Metrology\Laboratory_work_1\Laboratory_work_1_Metrology\main.cpp(95): message :  выполняется компиляция ссылки на экземпляр шаблон функции "std::basic_string<char,std::char_traits<char>,std::allocator<char>>::basic_string<std::_String_iterator<std::_String_val<std::_Simple_types<_Elem>>>,void>(_Iter,_Iter,const _Alloc &)"
D:\C++\Metrology\Laboratory_work_1\Laboratory_work_1_Metrology\main.cpp(95): message :         with
D:\C++\Metrology\Laboratory_work_1\Laboratory_work_1_Metrology\main.cpp(95): message :         [
D:\C++\Metrology\Laboratory_work_1\Laboratory_work_1_Metrology\main.cpp(95): message :             _Elem=wchar_t,
D:\C++\Metrology\Laboratory_work_1\Laboratory_work_1_Metrology\main.cpp(95): message :             _Iter=std::_String_iterator<std::_String_val<std::_Simple_types<wchar_t>>>,
D:\C++\Metrology\Laboratory_work_1\Laboratory_work_1_Metrology\main.cpp(95): message :             _Alloc=std::allocator<char>
D:\C++\Metrology\Laboratory_work_1\Laboratory_work_1_Metrology\main.cpp(95): message :         ]
D:\C++\Metrology\Laboratory_work_1\Laboratory_work_1_Metrology\main.cpp(95): message :  выполняется компиляция ссылки на экземпляр шаблон функции "std::basic_string<char,std::char_traits<char>,std::allocator<char>>::basic_string<std::_String_iterator<std::_String_val<std::_Simple_types<_Elem>>>,void>(_Iter,_Iter,const _Alloc &)"
D:\C++\Metrology\Laboratory_work_1\Laboratory_work_1_Metrology\main.cpp(95): message :         with
D:\C++\Metrology\Laboratory_work_1\Laboratory_work_1_Metrology\main.cpp(95): message :         [
D:\C++\Metrology\Laboratory_work_1\Laboratory_work_1_Metrology\main.cpp(95): message :             _Elem=wchar_t,
D:\C++\Metrology\Laboratory_work_1\Laboratory_work_1_Metrology\main.cpp(95): message :             _Iter=std::_String_iterator<std::_String_val<std::_Simple_types<wchar_t>>>,
D:\C++\Metrology\Laboratory_work_1\Laboratory_work_1_Metrology\main.cpp(95): message :             _Alloc=std::allocator<char>
D:\C++\Metrology\Laboratory_work_1\Laboratory_work_1_Metrology\main.cpp(95): message :         ]
  Laboratory_work_1_Metrology.vcxproj -> D:\C++\Metrology\Laboratory_work_1\Laboratory_work_1_Metrology\Debug\Laboratory_work_1_Metrology.exe
